<?xml version="1.0" encoding="UTF-8"?>
<testng-results ignored="0" total="1" passed="1" failed="0" skipped="0">
  <reporter-output>
  </reporter-output>
  <suite started-at="2025-02-04T17:12:28 IST" name="Default suite" finished-at="2025-02-04T17:12:41 IST" duration-ms="12655">
    <groups>
    </groups>
    <test started-at="2025-02-04T17:12:28 IST" name="Default test" finished-at="2025-02-04T17:12:41 IST" duration-ms="12655">
      <class name="TestNgDemos.AnnotationsDemo">
        <test-method signature="testMethod()[pri:0, instance:TestNgDemos.AnnotationsDemo@41d477ed]" started-at="2025-02-04T17:12:28 IST" name="testMethod" finished-at="2025-02-04T17:12:36 IST" duration-ms="7902" status="PASS">
          <reporter-output>
          </reporter-output>
        </test-method> <!-- testMethod -->
        <test-method is-config="true" signature="testMethod1()[pri:0, instance:TestNgDemos.AnnotationsDemo@41d477ed]" started-at="2025-02-04T17:12:36 IST" name="testMethod1" finished-at="2025-02-04T17:12:41 IST" duration-ms="4699" status="PASS">
          <reporter-output>
          </reporter-output>
        </test-method> <!-- testMethod1 -->
      </class> <!-- TestNgDemos.AnnotationsDemo -->
    </test> <!-- Default test -->
  </suite> <!-- Default suite -->
</testng-results>
